0 info it worked if it ends with ok
1 verbose cli [ 'C:\\Node_js\\node.exe',
1 verbose cli   'C:\\Node_js\\node_modules\\npm\\bin\\npm-cli.js',
1 verbose cli   'run',
1 verbose cli   'start' ]
2 info using npm@3.10.10
3 info using node@v6.10.1
4 verbose run-script [ 'prestart', 'start', 'poststart' ]
5 info lifecycle node-notebook@1.0.0~prestart: node-notebook@1.0.0
6 silly lifecycle node-notebook@1.0.0~prestart: no script for prestart, continuing
7 info lifecycle node-notebook@1.0.0~start: node-notebook@1.0.0
8 verbose lifecycle node-notebook@1.0.0~start: unsafe-perm in lifecycle true
9 verbose lifecycle node-notebook@1.0.0~start: PATH: C:\Node_js\node_modules\npm\bin\node-gyp-bin;C:\Users\pengy\Desktop\node_process\Pre_lesson\node_modules\.bin;C:\Users\pengy\bin;C:\github\Git\mingw64\bin;C:\github\Git\usr\local\bin;C:\github\Git\usr\bin;C:\github\Git\usr\bin;C:\github\Git\mingw64\bin;C:\github\Git\usr\bin;C:\Windows\system32;C:\Windows;C:\Windows\System32\Wbem;C:\Windows\System32\WindowsPowerShell\v1.0;C:\github\Git\cmd;C:\github\Git\mingw64\bin;C:\github\Git\usr\bin;C:\Node_js;C:\Users\pengy\AppData\Local\atom\bin;C:\Users\pengy\AppData\Roaming\npm;C:\github\Git\usr\bin\vendor_perl;C:\github\Git\usr\bin\core_perl
10 verbose lifecycle node-notebook@1.0.0~start: CWD: C:\Users\pengy\Desktop\node_process\Pre_lesson
11 silly lifecycle node-notebook@1.0.0~start: Args: [ '/d /s /c', 'nodemon --inspect index.js' ]
12 silly lifecycle node-notebook@1.0.0~start: Returned: code: 1  signal: null
13 info lifecycle node-notebook@1.0.0~start: Failed to exec start script
14 verbose stack Error: node-notebook@1.0.0 start: `nodemon --inspect index.js`
14 verbose stack Exit status 1
14 verbose stack     at EventEmitter.<anonymous> (C:\Node_js\node_modules\npm\lib\utils\lifecycle.js:255:16)
14 verbose stack     at emitTwo (events.js:106:13)
14 verbose stack     at EventEmitter.emit (events.js:191:7)
14 verbose stack     at ChildProcess.<anonymous> (C:\Node_js\node_modules\npm\lib\utils\spawn.js:40:14)
14 verbose stack     at emitTwo (events.js:106:13)
14 verbose stack     at ChildProcess.emit (events.js:191:7)
14 verbose stack     at maybeClose (internal/child_process.js:886:16)
14 verbose stack     at Process.ChildProcess._handle.onexit (internal/child_process.js:226:5)
15 verbose pkgid node-notebook@1.0.0
16 verbose cwd C:\Users\pengy\Desktop\node_process\Pre_lesson
17 error Windows_NT 10.0.10240
18 error argv "C:\\Node_js\\node.exe" "C:\\Node_js\\node_modules\\npm\\bin\\npm-cli.js" "run" "start"
19 error node v6.10.1
20 error npm  v3.10.10
21 error code ELIFECYCLE
22 error node-notebook@1.0.0 start: `nodemon --inspect index.js`
22 error Exit status 1
23 error Failed at the node-notebook@1.0.0 start script 'nodemon --inspect index.js'.
23 error Make sure you have the latest version of node.js and npm installed.
23 error If you do, this is most likely a problem with the node-notebook package,
23 error not with npm itself.
23 error Tell the author that this fails on your system:
23 error     nodemon --inspect index.js
23 error You can get information on how to open an issue for this project with:
23 error     npm bugs node-notebook
23 error Or if that isn't available, you can get their info via:
23 error     npm owner ls node-notebook
23 error There is likely additional logging output above.
24 verbose exit [ 1, true ]
